Solid Edge Translation to STL
Date: donderdag,maart 19,2026 04:44
Source File:C:\Users\vdkka\OneDrive\Documenten\Master\semester 2\GIP\Silicone_dispenser\CAD\Valve circulation system\Valve holder v3.par
Source System: SOLID EDGE

Hardware:
Processor: Intel(R) Core(TM) Ultra 9 285H
Operating System: Windows 10
Installed Memory: 31,37 GB

Software Information:
Parasolid Version: 37.0.118
PSBodyshop Version: 37.0.94
STL Adapter Version: 15.0.142
Solid Edge Version: 225.00.00.114 x64

STL Export Options:
Output File Format:BINARY
Export Displayed Parts:Off
structureOption: Monolithic
Export Units:Millimeter
Export Tolerance Value:0,050000
Export Tolerance Type:Custom
Export Surface Plane Angle Value:0,523599

Translation progress:
Translation process completed
Time required to translate:00 : 00 : 01
